<?xml version="1.0" encoding="UTF-8"?>
<testng-results ignored="0" total="1" passed="1" failed="0" skipped="0">
  <reporter-output>
  </reporter-output>
  <suite started-at="2022-12-04T11:26:31 IST" name="Suite" finished-at="2022-12-04T11:26:40 IST" duration-ms="9318">
    <groups>
      <group name="cucumber">
        <method signature="AbstractTestNGCucumberTests.runScenario(io.cucumber.testng.PickleWrapper,io.cucumber.testng.FeatureWrapper)[pri:0, instance:Runner.CucumberRerunner@27f981c6]" name="runScenario" class="io.cucumber.testng.AbstractTestNGCucumberTests"/>
        <method signature="AbstractTestNGCucumberTests.runScenario(io.cucumber.testng.PickleWrapper,io.cucumber.testng.FeatureWrapper)[pri:0, instance:Runner.CucumberRunner@51e69659]" name="runScenario" class="io.cucumber.testng.AbstractTestNGCucumberTests"/>
      </group> <!-- cucumber -->
    </groups>
    <test started-at="2022-12-04T11:26:31 IST" name="Test" finished-at="2022-12-04T11:26:40 IST" duration-ms="9318">
      <class name="Runner.CucumberRunner">
        <test-method is-config="true" signature="setUpClass()[pri:0, instance:Runner.CucumberRunner@51e69659]" started-at="2022-12-04T11:26:31 IST" name="setUpClass" finished-at="2022-12-04T11:26:31 IST" duration-ms="437" status="PASS">
          <reporter-output>
          </reporter-output>
        </test-method> <!-- setUpClass -->
        <test-method signature="runScenario(io.cucumber.testng.PickleWrapper,io.cucumber.testng.FeatureWrapper)[pri:0, instance:Runner.CucumberRunner@51e69659]" started-at="2022-12-04T11:26:31 IST" name="runScenario" description="Runs Cucumber Scenarios" data-provider="scenarios" finished-at="2022-12-04T11:26:40 IST" duration-ms="8699" status="PASS">
          <params>
            <param index="0">
              <value>
                <![CDATA["testing urls"]]>
              </value>
            </param>
            <param index="1">
              <value>
                <![CDATA["Optional[test]"]]>
              </value>
            </param>
          </params>
          <reporter-output>
          </reporter-output>
        </test-method> <!-- runScenario -->
        <test-method is-config="true" signature="tearDownClass()[pri:0, instance:Runner.CucumberRunner@51e69659]" started-at="2022-12-04T11:26:40 IST" name="tearDownClass" finished-at="2022-12-04T11:26:40 IST" duration-ms="87" status="PASS">
          <reporter-output>
          </reporter-output>
        </test-method> <!-- tearDownClass -->
      </class> <!-- Runner.CucumberRunner -->
      <class name="Runner.CucumberRerunner">
        <test-method is-config="true" signature="setUpClass()[pri:0, instance:Runner.CucumberRerunner@27f981c6]" started-at="2022-12-04T11:26:40 IST" name="setUpClass" finished-at="2022-12-04T11:26:40 IST" duration-ms="13" status="PASS">
          <reporter-output>
          </reporter-output>
        </test-method> <!-- setUpClass -->
        <test-method is-config="true" signature="tearDownClass()[pri:0, instance:Runner.CucumberRerunner@27f981c6]" started-at="2022-12-04T11:26:40 IST" name="tearDownClass" finished-at="2022-12-04T11:26:40 IST" duration-ms="32" status="PASS">
          <reporter-output>
          </reporter-output>
        </test-method> <!-- tearDownClass -->
      </class> <!-- Runner.CucumberRerunner -->
    </test> <!-- Test -->
  </suite> <!-- Suite -->
</testng-results>
