<?xml version="1.0" encoding="UTF-8"?>
<testsuite xmlns:xsi="http://www.w3.org/2001/XMLSchema-instance" xsi:noNamespaceSchemaLocation="https://maven.apache.org/surefire/maven-surefire-plugin/xsd/surefire-test-report.xsd" name="TestSuite" time="23.436" tests="3" errors="0" skipped="0" failures="2">
  <properties>
[...]
</properties>
  <testcase name="runScenario" classname="Runner.CucumberRunner" time="8.662">
    <failure type="java.lang.AssertionError:">java.lang.AssertionError: null
</failure>
    <system-out><![CDATA[
@TC-2
Scenario: check and verify url is redirected to another page # src/main/java/Features/PracticePage.feature:9

@TC-1
Scenario: check and verify url is redirected to Practise page # src/main/java/Features/PracticePage.feature:4
  Given user open the Browser                                # stepDefinitions.StepDefinition.user_open_the_browser()
  When verify user is on another page                        # stepDefinitions.StepDefinition.verify_user_is_on_another_page()
      java.lang.AssertionError: null
	at org.testng.Assert.fail(Assert.java:110)
	at org.testng.Assert.fail(Assert.java:115)
	at stepDefinitions.StepDefinition.verify_user_is_on_another_page(StepDefinition.java:46)
	at âœ½.verify user is on another page(file:///D:/Software_Testing/Automation_Projects/WorkSpace1/AutomationFramework/src/main/java/Features/PracticePage.feature:11)


    Embedding [@TC-2] [image/png 87779 bytes]

]]></system-out>
    <system-err><![CDATA[SLF4J: Failed to load class "org.slf4j.impl.StaticLoggerBinder".
SLF4J: Defaulting to no-operation (NOP) logger implementation
SLF4J: See http://www.slf4j.org/codes.html#StaticLoggerBinder for further details.
Dec 01, 2024 1:19:27 AM org.openqa.selenium.devtools.CdpVersionFinder findNearestMatch
WARNING: Unable to find an exact match for CDP version 131, returning the closest version; found: 130; Please update to a Selenium version that supports CDP version 131
Dec 01, 2024 1:19:27 AM org.openqa.selenium.devtools.CdpVersionFinder findNearestMatch
WARNING: Unable to find an exact match for CDP version 131, returning the closest version; found: 130; Please update to a Selenium version that supports CDP version 131
]]></system-err>
  </testcase>
  <testcase name="runScenario" classname="Runner.CucumberRunner" time="12.15"/>
  <testcase name="runScenario" classname="Runner.CucumberRerunner" time="9.793">
    <failure type="java.lang.AssertionError:">java.lang.AssertionError: null
</failure>
    <system-out><![CDATA[
@TC-2
Scenario: check and verify url is redirected to another page # src/main/java/Features/PracticePage.feature:9
  Given user open the Browser                                # stepDefinitions.StepDefinition.user_open_the_browser()
  When verify user is on another page                        # stepDefinitions.StepDefinition.verify_user_is_on_another_page()
      java.lang.AssertionError: null
	at org.testng.Assert.fail(Assert.java:110)
	at org.testng.Assert.fail(Assert.java:115)
	at stepDefinitions.StepDefinition.verify_user_is_on_another_page(StepDefinition.java:46)
	at âœ½.verify user is on another page(file:///D:/Software_Testing/Automation_Projects/WorkSpace1/AutomationFramework/src/main/java/Features/PracticePage.feature:11)


    Embedding [@TC-2] [image/png 86713 bytes]

]]></system-out>
    <system-err><![CDATA[?????????????????????????????????????????????????????????????????????????????????????
? Share your Cucumber Report with your team at https://reports.cucumber.io          ?
? Activate publishing with one of the following:                                    ?
?                                                                                   ?
? src/test/resources/cucumber.properties:          cucumber.publish.enabled=true    ?
? src/test/resources/junit-platform.properties:    cucumber.publish.enabled=true    ?
? Environment variable:                            CUCUMBER_PUBLISH_ENABLED=true    ?
? JUnit:                                           @CucumberOptions(publish = true) ?
?                                                                                   ?
? More information at https://reports.cucumber.io/docs/cucumber-jvm                 ?
?                                                                                   ?
? Disable this message with one of the following:                                   ?
?                                                                                   ?
? src/test/resources/cucumber.properties:          cucumber.publish.quiet=true      ?
? src/test/resources/junit-platform.properties:    cucumber.publish.quiet=true      ?
?????????????????????????????????????????????????????????????????????????????????????
Dec 01, 2024 1:19:38 AM org.openqa.selenium.devtools.CdpVersionFinder findNearestMatch
WARNING: Unable to find an exact match for CDP version 131, returning the closest version; found: 130; Please update to a Selenium version that supports CDP version 131
]]></system-err>
  </testcase>
</testsuite>